<?xml version="1.0" encoding="UTF-8"?>
<testsuite name="bretagne.TestSalarie" tests="1" skipped="0" failures="0" errors="0" timestamp="2019-03-25T17:02:40" hostname="Timotor" time="0.003">
  <properties/>
  <testcase name="testAjoutUneAbsence" classname="bretagne.TestSalarie" time="0.003"/>
  <system-out><![CDATA[]]></system-out>
  <system-err><![CDATA[]]></system-err>
</testsuite>
