<?xml version="1.0" encoding="UTF-8"?>
<testsuite name="bretagne.TestDemandeAbsence" tests="1" skipped="0" failures="0" errors="0" timestamp="2019-03-25T17:02:40" hostname="Timotor" time="0.01">
  <properties/>
  <testcase name="testAccepter" classname="bretagne.TestDemandeAbsence" time="0.01"/>
  <system-out><![CDATA[]]></system-out>
  <system-err><![CDATA[]]></system-err>
</testsuite>
